<testsuites id="" name="" tests="1" failures="0" skipped="0" errors="0" time="9.313430999999982">
<testsuite name="Login\TC_001.spec.ts" timestamp="2025-04-11T05:01:45.767Z" hostname="firefox" tests="1" failures="0" skipped="0" time="5.714" errors="0">
<testcase name="[1317] Verify that user able to login to the tenant portal with valid credentials" classname="Login\TC_001.spec.ts" time="5.714">
<system-out>
<![CDATA[✅ Useer Navigate to Tenant Portal URL
✅ Test passed: Logged in successfully with success message

[[ATTACHMENT|test-results\Login-TC_001--1317-Verify--f5a7a-rtal-with-valid-credentials-firefox\trace.zip]]
]]>
</system-out>
</testcase>
</testsuite>
</testsuites>